<?xml version="1.0" encoding="UTF-8"?>
<testsuite xmlns:xsi="http://www.w3.org/2001/XMLSchema-instance" xsi:noNamespaceSchemaLocation="https://maven.apache.org/surefire/maven-surefire-plugin/xsd/surefire-test-report.xsd" name="bbs.subscriptionsystem.base.ActionPusherTest" time="4.962" tests="1" errors="0" skipped="0" failures="0">
  <properties>
    <property name="sun.desktop" value="windows"/>
    <property name="awt.toolkit" value="sun.awt.windows.WToolkit"/>
    <property name="file.encoding.pkg" value="sun.io"/>
    <property name="java.specification.version" value="1.8"/>
    <property name="sun.cpu.isalist" value="amd64"/>
    <property name="sun.jnu.encoding" value="GBK"/>
    <property name="java.class.path" value="C:\Users\dell\eclipse-workspace\bbs.subscriptionsystem\target\test-classes;C:\Users\dell\eclipse-workspace\bbs.subscriptionsystem\target\classes;C:\Users\dell\.m2\repository\org\springframework\spring-webmvc\4.3.16.RELEASE\spring-webmvc-4.3.16.RELEASE.jar;C:\Users\dell\.m2\repository\org\springframework\spring-aop\4.3.16.RELEASE\spring-aop-4.3.16.RELEASE.jar;C:\Users\dell\.m2\repository\org\springframework\spring-beans\4.3.16.RELEASE\spring-beans-4.3.16.RELEASE.jar;C:\Users\dell\.m2\repository\org\springframework\spring-core\4.3.16.RELEASE\spring-core-4.3.16.RELEASE.jar;C:\Users\dell\.m2\repository\org\springframework\spring-expression\4.3.16.RELEASE\spring-expression-4.3.16.RELEASE.jar;C:\Users\dell\.m2\repository\org\springframework\spring-web\4.3.16.RELEASE\spring-web-4.3.16.RELEASE.jar;C:\Users\dell\.m2\repository\org\springframework\spring-jdbc\4.3.16.RELEASE\spring-jdbc-4.3.16.RELEASE.jar;C:\Users\dell\.m2\repository\org\springframework\spring-tx\4.3.16.RELEASE\spring-tx-4.3.16.RELEASE.jar;C:\Users\dell\.m2\repository\org\apache\commons\commons-dbcp2\2.2.0\commons-dbcp2-2.2.0.jar;C:\Users\dell\.m2\repository\org\apache\commons\commons-pool2\2.5.0\commons-pool2-2.5.0.jar;C:\Users\dell\.m2\repository\org\springframework\spring-context\4.3.16.RELEASE\spring-context-4.3.16.RELEASE.jar;C:\Users\dell\.m2\repository\org\springframework\spring-context-support\4.3.16.RELEASE\spring-context-support-4.3.16.RELEASE.jar;C:\Users\dell\.m2\repository\javax\servlet\jstl\1.2\jstl-1.2.jar;C:\Users\dell\.m2\repository\commons-io\commons-io\2.5\commons-io-2.5.jar;C:\Users\dell\.m2\repository\javax\servlet\javax.servlet-api\3.0.1\javax.servlet-api-3.0.1.jar;C:\Users\dell\.m2\repository\com\fasterxml\jackson\core\jackson-core\2.9.1\jackson-core-2.9.1.jar;C:\Users\dell\.m2\repository\org\hibernate\validator\hibernate-validator\6.0.10.Final\hibernate-validator-6.0.10.Final.jar;C:\Users\dell\.m2\repository\javax\validation\validation-api\2.0.1.Final\validation-api-2.0.1.Final.jar;C:\Users\dell\.m2\repository\org\jboss\logging\jboss-logging\3.3.2.Final\jboss-logging-3.3.2.Final.jar;C:\Users\dell\.m2\repository\com\fasterxml\classmate\1.3.4\classmate-1.3.4.jar;C:\Users\dell\.m2\repository\com\fasterxml\jackson\core\jackson-databind\2.9.1\jackson-databind-2.9.1.jar;C:\Users\dell\.m2\repository\com\fasterxml\jackson\core\jackson-annotations\2.9.0\jackson-annotations-2.9.0.jar;C:\Users\dell\.m2\repository\org\aspectj\aspectjrt\1.9.1\aspectjrt-1.9.1.jar;C:\Users\dell\.m2\repository\org\aspectj\aspectjweaver\1.9.1\aspectjweaver-1.9.1.jar;C:\Users\dell\.m2\repository\org\springframework\spring-websocket\4.3.16.RELEASE\spring-websocket-4.3.16.RELEASE.jar;C:\Users\dell\.m2\repository\org\springframework\spring-messaging\4.3.16.RELEASE\spring-messaging-4.3.16.RELEASE.jar;C:\Users\dell\.m2\repository\commons-fileupload\commons-fileupload\1.3.3\commons-fileupload-1.3.3.jar;C:\Users\dell\.m2\repository\junit\junit\4.12\junit-4.12.jar;C:\Users\dell\.m2\repository\org\hamcrest\hamcrest-core\1.3\hamcrest-core-1.3.jar;C:\Users\dell\.m2\repository\org\springframework\spring-test\4.3.16.RELEASE\spring-test-4.3.16.RELEASE.jar;C:\Users\dell\.m2\repository\org\apache\logging\log4j\log4j-api\2.10.0\log4j-api-2.10.0.jar;C:\Users\dell\.m2\repository\org\apache\logging\log4j\log4j-core\2.10.0\log4j-core-2.10.0.jar;C:\Users\dell\.m2\repository\org\apache\logging\log4j\log4j-web\2.10.0\log4j-web-2.10.0.jar;C:\Users\dell\.m2\repository\log4j\log4j\1.2.17\log4j-1.2.17.jar;C:\Users\dell\.m2\repository\com\jayway\jsonpath\json-path\2.0.0\json-path-2.0.0.jar;C:\Users\dell\.m2\repository\org\slf4j\slf4j-api\1.7.10\slf4j-api-1.7.10.jar;C:\Users\dell\.m2\repository\net\minidev\json-smart\2.1.1\json-smart-2.1.1.jar;C:\Users\dell\.m2\repository\net\minidev\asm\1.0.2\asm-1.0.2.jar;C:\Users\dell\.m2\repository\asm\asm\3.3.1\asm-3.3.1.jar;C:\Users\dell\.m2\repository\commons-logging\commons-logging\1.1.1\commons-logging-1.1.1.jar;C:\Users\dell\eclipse-workspace\bbs.forum\target\forum-0.0.1-SNAPSHOT.jar;C:\Users\dell\.m2\repository\org\mybatis\mybatis\3.4.2\mybatis-3.4.2.jar;C:\Users\dell\.m2\repository\org\mybatis\mybatis-spring\1.3.1\mybatis-spring-1.3.1.jar;C:\Users\dell\.m2\repository\mysql\mysql-connector-java\5.1.45\mysql-connector-java-5.1.45.jar;C:\Users\dell\eclipse-workspace\bbs.usercenter\target\usercenter-0.0.1-SNAPSHOT.jar;C:\Users\dell\eclipse-workspace\bbs.helper\target\helper-0.0.1-SNAPSHOT.jar;C:\Users\dell\.m2\repository\javax\servlet\servlet-api\2.5\servlet-api-2.5.jar;C:\Users\dell\eclipse-workspace\bbs\config\target\config-0.0.1-SNAPSHOT.jar;C:\Users\dell\eclipse-workspace\bbs.shop\target\shop-0.0.1-SNAPSHOT.jar;C:\Users\dell\.m2\repository\org\apdplat\word\1.3\word-1.3.jar;C:\Users\dell\.m2\repository\ch\qos\logback\logback-classic\0.9.28\logback-classic-0.9.28.jar;C:\Users\dell\.m2\repository\ch\qos\logback\logback-core\0.9.28\logback-core-0.9.28.jar;C:\Users\dell\.m2\repository\org\apache\lucene\lucene-core\5.2.1\lucene-core-5.2.1.jar;C:\Users\dell\.m2\repository\org\apache\lucene\lucene-queryparser\5.2.1\lucene-queryparser-5.2.1.jar;C:\Users\dell\.m2\repository\org\apache\lucene\lucene-queries\5.2.1\lucene-queries-5.2.1.jar;C:\Users\dell\.m2\repository\org\apache\lucene\lucene-sandbox\5.2.1\lucene-sandbox-5.2.1.jar;C:\Users\dell\.m2\repository\org\apache\lucene\lucene-analyzers-common\5.2.1\lucene-analyzers-common-5.2.1.jar;C:\Users\dell\.m2\repository\org\apache\lucene\lucene-backward-codecs\5.2.1\lucene-backward-codecs-5.2.1.jar;C:\Users\dell\.m2\repository\org\apache\lucene\lucene-suggest\5.2.1\lucene-suggest-5.2.1.jar;C:\Users\dell\.m2\repository\org\apache\lucene\lucene-misc\5.2.1\lucene-misc-5.2.1.jar;C:\Users\dell\.m2\repository\redis\clients\jedis\2.5.1\jedis-2.5.1.jar;C:\Users\dell\.m2\repository\com\belerweb\pinyin4j\2.5.0\pinyin4j-2.5.0.jar;"/>
    <property name="java.vm.vendor" value="Oracle Corporation"/>
    <property name="sun.arch.data.model" value="64"/>
    <property name="user.variant" value=""/>
    <property name="java.vendor.url" value="http://java.oracle.com/"/>
    <property name="user.timezone" value="Asia/Shanghai"/>
    <property name="java.vm.specification.version" value="1.8"/>
    <property name="os.name" value="Windows 10"/>
    <property name="user.country" value="CN"/>
    <property name="sun.java.launcher" value="SUN_STANDARD"/>
    <property name="sun.boot.library.path" value="C:\Program Files\Java\jdk1.8.0_171\jre\bin"/>
    <property name="sun.java.command" value="C:\Users\dell\AppData\Local\Temp\surefire5325380123759637626\surefirebooter4357021989947784436.jar C:\Users\dell\AppData\Local\Temp\surefire5325380123759637626 2018-08-10T11-02-54_388-jvmRun1 surefire3450359682475045086tmp surefire_24430127882382602078tmp"/>
    <property name="surefire.test.class.path" value="C:\Users\dell\eclipse-workspace\bbs.subscriptionsystem\target\test-classes;C:\Users\dell\eclipse-workspace\bbs.subscriptionsystem\target\classes;C:\Users\dell\.m2\repository\org\springframework\spring-webmvc\4.3.16.RELEASE\spring-webmvc-4.3.16.RELEASE.jar;C:\Users\dell\.m2\repository\org\springframework\spring-aop\4.3.16.RELEASE\spring-aop-4.3.16.RELEASE.jar;C:\Users\dell\.m2\repository\org\springframework\spring-beans\4.3.16.RELEASE\spring-beans-4.3.16.RELEASE.jar;C:\Users\dell\.m2\repository\org\springframework\spring-core\4.3.16.RELEASE\spring-core-4.3.16.RELEASE.jar;C:\Users\dell\.m2\repository\org\springframework\spring-expression\4.3.16.RELEASE\spring-expression-4.3.16.RELEASE.jar;C:\Users\dell\.m2\repository\org\springframework\spring-web\4.3.16.RELEASE\spring-web-4.3.16.RELEASE.jar;C:\Users\dell\.m2\repository\org\springframework\spring-jdbc\4.3.16.RELEASE\spring-jdbc-4.3.16.RELEASE.jar;C:\Users\dell\.m2\repository\org\springframework\spring-tx\4.3.16.RELEASE\spring-tx-4.3.16.RELEASE.jar;C:\Users\dell\.m2\repository\org\apache\commons\commons-dbcp2\2.2.0\commons-dbcp2-2.2.0.jar;C:\Users\dell\.m2\repository\org\apache\commons\commons-pool2\2.5.0\commons-pool2-2.5.0.jar;C:\Users\dell\.m2\repository\org\springframework\spring-context\4.3.16.RELEASE\spring-context-4.3.16.RELEASE.jar;C:\Users\dell\.m2\repository\org\springframework\spring-context-support\4.3.16.RELEASE\spring-context-support-4.3.16.RELEASE.jar;C:\Users\dell\.m2\repository\javax\servlet\jstl\1.2\jstl-1.2.jar;C:\Users\dell\.m2\repository\commons-io\commons-io\2.5\commons-io-2.5.jar;C:\Users\dell\.m2\repository\javax\servlet\javax.servlet-api\3.0.1\javax.servlet-api-3.0.1.jar;C:\Users\dell\.m2\repository\com\fasterxml\jackson\core\jackson-core\2.9.1\jackson-core-2.9.1.jar;C:\Users\dell\.m2\repository\org\hibernate\validator\hibernate-validator\6.0.10.Final\hibernate-validator-6.0.10.Final.jar;C:\Users\dell\.m2\repository\javax\validation\validation-api\2.0.1.Final\validation-api-2.0.1.Final.jar;C:\Users\dell\.m2\repository\org\jboss\logging\jboss-logging\3.3.2.Final\jboss-logging-3.3.2.Final.jar;C:\Users\dell\.m2\repository\com\fasterxml\classmate\1.3.4\classmate-1.3.4.jar;C:\Users\dell\.m2\repository\com\fasterxml\jackson\core\jackson-databind\2.9.1\jackson-databind-2.9.1.jar;C:\Users\dell\.m2\repository\com\fasterxml\jackson\core\jackson-annotations\2.9.0\jackson-annotations-2.9.0.jar;C:\Users\dell\.m2\repository\org\aspectj\aspectjrt\1.9.1\aspectjrt-1.9.1.jar;C:\Users\dell\.m2\repository\org\aspectj\aspectjweaver\1.9.1\aspectjweaver-1.9.1.jar;C:\Users\dell\.m2\repository\org\springframework\spring-websocket\4.3.16.RELEASE\spring-websocket-4.3.16.RELEASE.jar;C:\Users\dell\.m2\repository\org\springframework\spring-messaging\4.3.16.RELEASE\spring-messaging-4.3.16.RELEASE.jar;C:\Users\dell\.m2\repository\commons-fileupload\commons-fileupload\1.3.3\commons-fileupload-1.3.3.jar;C:\Users\dell\.m2\repository\junit\junit\4.12\junit-4.12.jar;C:\Users\dell\.m2\repository\org\hamcrest\hamcrest-core\1.3\hamcrest-core-1.3.jar;C:\Users\dell\.m2\repository\org\springframework\spring-test\4.3.16.RELEASE\spring-test-4.3.16.RELEASE.jar;C:\Users\dell\.m2\repository\org\apache\logging\log4j\log4j-api\2.10.0\log4j-api-2.10.0.jar;C:\Users\dell\.m2\repository\org\apache\logging\log4j\log4j-core\2.10.0\log4j-core-2.10.0.jar;C:\Users\dell\.m2\repository\org\apache\logging\log4j\log4j-web\2.10.0\log4j-web-2.10.0.jar;C:\Users\dell\.m2\repository\log4j\log4j\1.2.17\log4j-1.2.17.jar;C:\Users\dell\.m2\repository\com\jayway\jsonpath\json-path\2.0.0\json-path-2.0.0.jar;C:\Users\dell\.m2\repository\org\slf4j\slf4j-api\1.7.10\slf4j-api-1.7.10.jar;C:\Users\dell\.m2\repository\net\minidev\json-smart\2.1.1\json-smart-2.1.1.jar;C:\Users\dell\.m2\repository\net\minidev\asm\1.0.2\asm-1.0.2.jar;C:\Users\dell\.m2\repository\asm\asm\3.3.1\asm-3.3.1.jar;C:\Users\dell\.m2\repository\commons-logging\commons-logging\1.1.1\commons-logging-1.1.1.jar;C:\Users\dell\eclipse-workspace\bbs.forum\target\forum-0.0.1-SNAPSHOT.jar;C:\Users\dell\.m2\repository\org\mybatis\mybatis\3.4.2\mybatis-3.4.2.jar;C:\Users\dell\.m2\repository\org\mybatis\mybatis-spring\1.3.1\mybatis-spring-1.3.1.jar;C:\Users\dell\.m2\repository\mysql\mysql-connector-java\5.1.45\mysql-connector-java-5.1.45.jar;C:\Users\dell\eclipse-workspace\bbs.usercenter\target\usercenter-0.0.1-SNAPSHOT.jar;C:\Users\dell\eclipse-workspace\bbs.helper\target\helper-0.0.1-SNAPSHOT.jar;C:\Users\dell\.m2\repository\javax\servlet\servlet-api\2.5\servlet-api-2.5.jar;C:\Users\dell\eclipse-workspace\bbs\config\target\config-0.0.1-SNAPSHOT.jar;C:\Users\dell\eclipse-workspace\bbs.shop\target\shop-0.0.1-SNAPSHOT.jar;C:\Users\dell\.m2\repository\org\apdplat\word\1.3\word-1.3.jar;C:\Users\dell\.m2\repository\ch\qos\logback\logback-classic\0.9.28\logback-classic-0.9.28.jar;C:\Users\dell\.m2\repository\ch\qos\logback\logback-core\0.9.28\logback-core-0.9.28.jar;C:\Users\dell\.m2\repository\org\apache\lucene\lucene-core\5.2.1\lucene-core-5.2.1.jar;C:\Users\dell\.m2\repository\org\apache\lucene\lucene-queryparser\5.2.1\lucene-queryparser-5.2.1.jar;C:\Users\dell\.m2\repository\org\apache\lucene\lucene-queries\5.2.1\lucene-queries-5.2.1.jar;C:\Users\dell\.m2\repository\org\apache\lucene\lucene-sandbox\5.2.1\lucene-sandbox-5.2.1.jar;C:\Users\dell\.m2\repository\org\apache\lucene\lucene-analyzers-common\5.2.1\lucene-analyzers-common-5.2.1.jar;C:\Users\dell\.m2\repository\org\apache\lucene\lucene-backward-codecs\5.2.1\lucene-backward-codecs-5.2.1.jar;C:\Users\dell\.m2\repository\org\apache\lucene\lucene-suggest\5.2.1\lucene-suggest-5.2.1.jar;C:\Users\dell\.m2\repository\org\apache\lucene\lucene-misc\5.2.1\lucene-misc-5.2.1.jar;C:\Users\dell\.m2\repository\redis\clients\jedis\2.5.1\jedis-2.5.1.jar;C:\Users\dell\.m2\repository\com\belerweb\pinyin4j\2.5.0\pinyin4j-2.5.0.jar;"/>
    <property name="sun.cpu.endian" value="little"/>
    <property name="user.home" value="C:\Users\dell"/>
    <property name="user.language" value="zh"/>
    <property name="java.specification.vendor" value="Oracle Corporation"/>
    <property name="java.home" value="C:\Program Files\Java\jdk1.8.0_171\jre"/>
    <property name="basedir" value="C:\Users\dell\eclipse-workspace\bbs.subscriptionsystem"/>
    <property name="file.separator" value="\"/>
    <property name="line.separator" value="&#10;"/>
    <property name="java.vm.specification.vendor" value="Oracle Corporation"/>
    <property name="java.specification.name" value="Java Platform API Specification"/>
    <property name="java.awt.graphicsenv" value="sun.awt.Win32GraphicsEnvironment"/>
    <property name="surefire.real.class.path" value="C:\Users\dell\AppData\Local\Temp\surefire5325380123759637626\surefirebooter4357021989947784436.jar"/>
    <property name="sun.boot.class.path" value="C:\Program Files\Java\jdk1.8.0_171\jre\lib\resources.jar;C:\Program Files\Java\jdk1.8.0_171\jre\lib\rt.jar;C:\Program Files\Java\jdk1.8.0_171\jre\lib\sunrsasign.jar;C:\Program Files\Java\jdk1.8.0_171\jre\lib\jsse.jar;C:\Program Files\Java\jdk1.8.0_171\jre\lib\jce.jar;C:\Program Files\Java\jdk1.8.0_171\jre\lib\charsets.jar;C:\Program Files\Java\jdk1.8.0_171\jre\lib\jfr.jar;C:\Program Files\Java\jdk1.8.0_171\jre\classes"/>
    <property name="user.script" value=""/>
    <property name="sun.management.compiler" value="HotSpot 64-Bit Tiered Compilers"/>
    <property name="java.runtime.version" value="1.8.0_171-b11"/>
    <property name="user.name" value="dell"/>
    <property name="path.separator" value=";"/>
    <property name="os.version" value="10.0"/>
    <property name="java.endorsed.dirs" value="C:\Program Files\Java\jdk1.8.0_171\jre\lib\endorsed"/>
    <property name="java.runtime.name" value="Java(TM) SE Runtime Environment"/>
    <property name="file.encoding" value="UTF-8"/>
    <property name="java.vm.name" value="Java HotSpot(TM) 64-Bit Server VM"/>
    <property name="localRepository" value="C:\Users\dell\.m2\repository"/>
    <property name="java.vendor.url.bug" value="http://bugreport.sun.com/bugreport/"/>
    <property name="java.io.tmpdir" value="C:\Users\dell\AppData\Local\Temp\"/>
    <property name="java.version" value="1.8.0_171"/>
    <property name="user.dir" value="C:\Users\dell\eclipse-workspace\bbs.subscriptionsystem"/>
    <property name="os.arch" value="amd64"/>
    <property name="java.vm.specification.name" value="Java Virtual Machine Specification"/>
    <property name="java.awt.printerjob" value="sun.awt.windows.WPrinterJob"/>
    <property name="sun.os.patch.level" value=""/>
    <property name="java.library.path" value="C:\Program Files\Java\jdk1.8.0_171\jre\bin;C:\WINDOWS\Sun\Java\bin;C:\WINDOWS\system32;C:\WINDOWS;C:/Program Files/Java/jre1.8.0_171/bin/server;C:/Program Files/Java/jre1.8.0_171/bin;C:/Program Files/Java/jre1.8.0_171/lib/amd64;C:\Program Files (x86)\Common Files\Oracle\Java\javapath;C:\Program Files (x86)\Intel\iCLS Client\;C:\Program Files\Intel\iCLS Client\;C:\WINDOWS\system32;C:\WINDOWS;C:\WINDOWS\System32\Wbem;C:\WINDOWS\System32\WindowsPowerShell\v1.0\;C:\Program Files (x86)\Intel\Intel(R) Management Engine Components\DAL;C:\Program Files\Intel\Intel(R) Management Engine Components\DAL;C:\Program Files (x86)\Intel\Intel(R) Management Engine Components\IPT;C:\Program Files\Intel\Intel(R) Management Engine Components\IPT;C:\WINDOWS\System32\OpenSSH\;&quot;C:\Program Files\Java\jdk1.8.0_171\bin;C:\Program Files\Java\jdk1.8.0_171\jre\bin;&quot;;C:\Program Files\Git\cmd;C:\Program Files\MySQL\MySQL Server 8.0\bin;C:\Program Files\Intel\WiFi\bin\;C:\Program Files\Common Files\Intel\WirelessCommon\;C:\Program Files\nodejs\;C:\Users\dell\AppData\Local\Microsoft\WindowsApps;C:\Users\dell\AppData\Local\Programs\Fiddler;C:\Users\dell\AppData\Roaming\npm;C:\Users\dell\AppData\Local\atom\bin;C:\eclipse;;."/>
    <property name="java.vm.info" value="mixed mode"/>
    <property name="java.vendor" value="Oracle Corporation"/>
    <property name="java.vm.version" value="25.171-b11"/>
    <property name="java.ext.dirs" value="C:\Program Files\Java\jdk1.8.0_171\jre\lib\ext;C:\WINDOWS\Sun\Java\lib\ext"/>
    <property name="sun.io.unicode.encoding" value="UnicodeLittle"/>
    <property name="java.class.version" value="52.0"/>
  </properties>
  <testcase name="test" classname="bbs.subscriptionsystem.base.ActionPusherTest" time="0.005"/>
</testsuite>